<?xml version="1.0" encoding="UTF-8"?>
<!-- Generated by org.testng.reporters.JUnitReportReporter -->
<testsuite hostname="DESKTOP-B8464IP" failures="0" tests="1" name="apiChainingHttpMethodInDiffrentClass.UpdateUserTest" time="1.190" errors="0" timestamp="2025-06-28T01:29:58 IST" skipped="0">
  <testcase classname="apiChainingHttpMethodInDiffrentClass.UpdateUserTest" name="updateUser" time="1.190"/>
</testsuite> <!-- apiChainingHttpMethodInDiffrentClass.UpdateUserTest -->
