<?xml version="1.0" encoding="UTF-8"?>
<!-- Generated by org.testng.reporters.JUnitReportReporter -->
<testsuite hostname="DESKTOP-B8464IP" failures="0" tests="4" name="apiChaining.ChaingAPIusingSingleClass" time="9.199" errors="0" timestamp="2025-06-28T00:51:54 IST" skipped="0">
  <testcase classname="apiChaining.ChaingAPIusingSingleClass" name="createUser" time="5.926"/>
  <testcase classname="apiChaining.ChaingAPIusingSingleClass" name="updateUser" time="1.093"/>
  <testcase classname="apiChaining.ChaingAPIusingSingleClass" name="deleteUser" time="1.083"/>
  <testcase classname="apiChaining.ChaingAPIusingSingleClass" name="getUser" time="1.097"/>
</testsuite> <!-- apiChaining.ChaingAPIusingSingleClass -->
