<?xml version="1.0" encoding="UTF-8"?>
<!-- Generated by org.testng.reporters.JUnitReportReporter -->
<testsuite hostname="DESKTOP-B8464IP" failures="0" tests="1" name="apiChainingHttpMethodInDiffrentClass.CreateUserTest" time="5.775" errors="0" timestamp="2025-06-28T01:29:58 IST" skipped="0">
  <testcase classname="apiChainingHttpMethodInDiffrentClass.CreateUserTest" name="createUser" time="5.775"/>
</testsuite> <!-- apiChainingHttpMethodInDiffrentClass.CreateUserTest -->
