<?xml version="1.0" encoding="UTF-8"?>
<!-- Generated by org.testng.reporters.JUnitReportReporter -->
<testsuite hostname="DESKTOP-B8464IP" failures="0" tests="1" name="apiChainingHttpMethodInDiffrentClass.DeleteUserTest" time="1.107" errors="0" timestamp="2025-06-28T01:29:58 IST" skipped="0">
  <testcase classname="apiChainingHttpMethodInDiffrentClass.DeleteUserTest" name="deleteUser" time="1.107"/>
</testsuite> <!-- apiChainingHttpMethodInDiffrentClass.DeleteUserTest -->
